<?xml version="1.0" encoding="UTF-8"?>
<!-- Generated by org.testng.reporters.JUnitXMLReporter -->
<testsuite ignored="0" hostname="Sammed0007" failures="1" tests="9" name="Chrome Test" time="64.014" errors="0" timestamp="2025-08-06T01:40:51 IST">
  <testcase classname="testcases.RegisterTest" name="registerNewUserTest" time="2.772"/>
  <testcase classname="testcases.LoginTest" name="loginTest" time="3.312"/>
  <testcase classname="testcases.LoginTest" name="loginTest" time="1.768"/>
  <testcase classname="testcases.LoginTest" name="loginTest" time="1.446"/>
  <testcase classname="testcases.LoginTest" name="loginTest" time="1.52"/>
  <testcase classname="testcases.LoginTest" name="loginTest" time="1.19"/>
  <testcase classname="testcases.HomePageTest" name="validateSliderBannerNavigation" time="3.805"/>
  <testcase classname="testcases.HomePageTest" name="validateTopMenuNavigation" time="6.388"/>
  <testcase classname="testcases.AddToCartTest" name="checkAddToCart_EliteDesktopPC" time="13.438">
    <failure type="java.lang.RuntimeException" message="CAPTURE_SCREENSHOT: &amp;apos;Add to Cart&amp;apos; button not found for: EliteDesktopPC">
      <![CDATA[java.lang.RuntimeException: CAPTURE_SCREENSHOT: 'Add to Cart' button not found for: EliteDesktopPC
at testcases.AddToCartTest.validateAddToCart(AddToCartTest.java:38)
at testcases.AddToCartTest.checkAddToCart_EliteDesktopPC(AddToCartTest.java:28)
at java.base/java.util.ArrayList.forEach(ArrayList.java:1597)
... Removed 25 stack frames]]>
    </failure>
  </testcase> <!-- checkAddToCart_EliteDesktopPC -->
</testsuite> <!-- Chrome Test -->
