<?xml version="1.0" encoding="UTF-8"?>
<!-- Generated by org.testng.reporters.JUnitXMLReporter -->
<testsuite ignored="0" hostname="Sammed0007" failures="1" tests="9" name="Firefox Test" time="94.448" errors="0" timestamp="2025-08-06T01:42:25 IST">
  <testcase classname="testcases.RegisterTest" name="registerNewUserTest" time="2.833"/>
  <testcase classname="testcases.LoginTest" name="loginTest" time="3.027"/>
  <testcase classname="testcases.LoginTest" name="loginTest" time="1.359"/>
  <testcase classname="testcases.LoginTest" name="loginTest" time="1.207"/>
  <testcase classname="testcases.LoginTest" name="loginTest" time="1.575"/>
  <testcase classname="testcases.LoginTest" name="loginTest" time="0.827"/>
  <testcase classname="testcases.HomePageTest" name="validateSliderBannerNavigation" time="6.123"/>
  <testcase classname="testcases.HomePageTest" name="validateTopMenuNavigation" time="10.385"/>
  <testcase classname="testcases.AddToCartTest" name="checkAddToCart_EliteDesktopPC" time="14.0">
    <failure type="java.lang.RuntimeException" message="CAPTURE_SCREENSHOT: &amp;apos;Add to Cart&amp;apos; button not found for: EliteDesktopPC">
      <![CDATA[java.lang.RuntimeException: CAPTURE_SCREENSHOT: 'Add to Cart' button not found for: EliteDesktopPC
at testcases.AddToCartTest.validateAddToCart(AddToCartTest.java:38)
at testcases.AddToCartTest.checkAddToCart_EliteDesktopPC(AddToCartTest.java:28)
at java.base/java.util.ArrayList.forEach(ArrayList.java:1597)
... Removed 25 stack frames]]>
    </failure>
  </testcase> <!-- checkAddToCart_EliteDesktopPC -->
</testsuite> <!-- Firefox Test -->
