<?xml version="1.0" encoding="UTF-8"?>
<testng-results ignored="0" total="18" passed="16" failed="2" skipped="0">
  <reporter-output>
  </reporter-output>
  <suite started-at="2025-08-06T01:39:46 IST" name="DemoWebShop CrossBrowser Suite" finished-at="2025-08-06T01:42:25 IST" duration-ms="159034">
    <groups>
      <group name="register">
        <method signature="RegisterTest.registerNewUserTest(java.lang.String,java.lang.String,java.lang.String,java.lang.String,java.lang.String)[pri:1, instance:testcases.RegisterTest@1f2f9244]" name="registerNewUserTest" class="testcases.RegisterTest"/>
        <method signature="RegisterTest.registerNewUserTest(java.lang.String,java.lang.String,java.lang.String,java.lang.String,java.lang.String)[pri:1, instance:testcases.RegisterTest@590c73d3]" name="registerNewUserTest" class="testcases.RegisterTest"/>
      </group> <!-- register -->
    </groups>
    <test started-at="2025-08-06T01:39:46 IST" name="Chrome Test" finished-at="2025-08-06T01:40:50 IST" duration-ms="64014">
      <class name="testcases.HomePageTest">
        <test-method is-config="true" signature="setup(java.lang.String,java.lang.String)[pri:0, instance:testcases.HomePageTest@505a9d7c]" started-at="2025-08-06T01:40:15 IST" name="setup" finished-at="2025-08-06T01:40:19 IST" duration-ms="4550" status="PASS">
          <params>
            <param index="0">
              <value>
                <![CDATA[windows]]>
              </value>
            </param>
            <param index="1">
              <value>
                <![CDATA[chrome]]>
              </value>
            </param>
          </params>
          <reporter-output>
          </reporter-output>
        </test-method> <!-- setup -->
        <test-method signature="validateSliderBannerNavigation()[pri:1, instance:testcases.HomePageTest@505a9d7c]" started-at="2025-08-06T01:40:19 IST" name="validateSliderBannerNavigation" finished-at="2025-08-06T01:40:23 IST" duration-ms="3805" status="PASS">
          <reporter-output>
          </reporter-output>
        </test-method> <!-- validateSliderBannerNavigation -->
        <test-method is-config="true" signature="captureScreenshotOnFailure(org.testng.ITestResult)[pri:0, instance:testcases.HomePageTest@505a9d7c]" started-at="2025-08-06T01:40:23 IST" name="captureScreenshotOnFailure" finished-at="2025-08-06T01:40:23 IST" duration-ms="0" status="PASS">
          <params>
            <param index="0">
              <value>
                <![CDATA[[TestResult name=validateSliderBannerNavigation status=SUCCESS method=HomePageTest.validateSliderBannerNavigation()[pri:1, instance:testcases.HomePageTest@505a9d7c] output={null}]]]>
              </value>
            </param>
          </params>
          <reporter-output>
          </reporter-output>
        </test-method> <!-- captureScreenshotOnFailure -->
        <test-method signature="validateTopMenuNavigation()[pri:2, instance:testcases.HomePageTest@505a9d7c]" started-at="2025-08-06T01:40:23 IST" name="validateTopMenuNavigation" finished-at="2025-08-06T01:40:30 IST" duration-ms="6388" status="PASS">
          <reporter-output>
          </reporter-output>
        </test-method> <!-- validateTopMenuNavigation -->
        <test-method is-config="true" signature="captureScreenshotOnFailure(org.testng.ITestResult)[pri:0, instance:testcases.HomePageTest@505a9d7c]" started-at="2025-08-06T01:40:30 IST" name="captureScreenshotOnFailure" finished-at="2025-08-06T01:40:30 IST" duration-ms="1" status="PASS">
          <params>
            <param index="0">
              <value>
                <![CDATA[[TestResult name=validateTopMenuNavigation status=SUCCESS method=HomePageTest.validateTopMenuNavigation()[pri:2, instance:testcases.HomePageTest@505a9d7c] output={null}]]]>
              </value>
            </param>
          </params>
          <reporter-output>
          </reporter-output>
        </test-method> <!-- captureScreenshotOnFailure -->
        <test-method is-config="true" signature="tearDown()[pri:0, instance:testcases.HomePageTest@505a9d7c]" started-at="2025-08-06T01:40:30 IST" name="tearDown" finished-at="2025-08-06T01:40:30 IST" duration-ms="386" status="PASS">
          <reporter-output>
          </reporter-output>
        </test-method> <!-- tearDown -->
      </class> <!-- testcases.HomePageTest -->
      <class name="testcases.RegisterTest">
        <test-method is-config="true" signature="setup(java.lang.String,java.lang.String)[pri:0, instance:testcases.RegisterTest@1f2f9244]" started-at="2025-08-06T01:39:47 IST" name="setup" finished-at="2025-08-06T01:39:55 IST" duration-ms="8680" status="PASS">
          <params>
            <param index="0">
              <value>
                <![CDATA[windows]]>
              </value>
            </param>
            <param index="1">
              <value>
                <![CDATA[chrome]]>
              </value>
            </param>
          </params>
          <reporter-output>
          </reporter-output>
        </test-method> <!-- setup -->
        <test-method signature="registerNewUserTest(java.lang.String,java.lang.String,java.lang.String,java.lang.String,java.lang.String)[pri:1, instance:testcases.RegisterTest@1f2f9244]" started-at="2025-08-06T01:39:57 IST" name="registerNewUserTest" data-provider="registerData" finished-at="2025-08-06T01:40:00 IST" duration-ms="2772" status="PASS">
          <params>
            <param index="0">
              <value>
                <![CDATA[Ajay]]>
              </value>
            </param>
            <param index="1">
              <value>
                <![CDATA[Kb]]>
              </value>
            </param>
            <param index="2">
              <value>
                <![CDATA[Ajay@gmail.com]]>
              </value>
            </param>
            <param index="3">
              <value>
                <![CDATA[Aj1234]]>
              </value>
            </param>
            <param index="4">
              <value>
                <![CDATA[Aj1234]]>
              </value>
            </param>
          </params>
          <reporter-output>
          </reporter-output>
        </test-method> <!-- registerNewUserTest -->
        <test-method is-config="true" signature="captureScreenshotOnFailure(org.testng.ITestResult)[pri:0, instance:testcases.RegisterTest@1f2f9244]" started-at="2025-08-06T01:40:00 IST" name="captureScreenshotOnFailure" finished-at="2025-08-06T01:40:00 IST" duration-ms="4" status="PASS">
          <params>
            <param index="0">
              <value>
                <![CDATA[[TestResult name=registerNewUserTest status=SUCCESS method=RegisterTest.registerNewUserTest(java.lang.String,java.lang.String,java.lang.String,java.lang.String,java.lang.String)[pri:1, instance:testcases.RegisterTest@1f2f9244] output={null}]]]>
              </value>
            </param>
          </params>
          <reporter-output>
          </reporter-output>
        </test-method> <!-- captureScreenshotOnFailure -->
        <test-method is-config="true" signature="tearDown()[pri:0, instance:testcases.RegisterTest@1f2f9244]" started-at="2025-08-06T01:40:00 IST" name="tearDown" finished-at="2025-08-06T01:40:00 IST" duration-ms="336" status="PASS">
          <reporter-output>
          </reporter-output>
        </test-method> <!-- tearDown -->
      </class> <!-- testcases.RegisterTest -->
      <class name="testcases.AddToCartTest">
        <test-method is-config="true" signature="setup(java.lang.String,java.lang.String)[pri:0, instance:testcases.AddToCartTest@758c83d8]" started-at="2025-08-06T01:40:30 IST" name="setup" finished-at="2025-08-06T01:40:36 IST" duration-ms="6059" status="PASS">
          <params>
            <param index="0">
              <value>
                <![CDATA[windows]]>
              </value>
            </param>
            <param index="1">
              <value>
                <![CDATA[chrome]]>
              </value>
            </param>
          </params>
          <reporter-output>
          </reporter-output>
        </test-method> <!-- setup -->
        <test-method signature="checkAddToCart_EliteDesktopPC()[pri:1, instance:testcases.AddToCartTest@758c83d8]" started-at="2025-08-06T01:40:36 IST" name="checkAddToCart_EliteDesktopPC" finished-at="2025-08-06T01:40:49 IST" duration-ms="13438" status="FAIL">
          <exception class="java.lang.RuntimeException">
            <message>
              <![CDATA[CAPTURE_SCREENSHOT: 'Add to Cart' button not found for: EliteDesktopPC]]>
            </message>
            <full-stacktrace>
              <![CDATA[java.lang.RuntimeException: CAPTURE_SCREENSHOT: 'Add to Cart' button not found for: EliteDesktopPC
at testcases.AddToCartTest.validateAddToCart(AddToCartTest.java:38)
at testcases.AddToCartTest.checkAddToCart_EliteDesktopPC(AddToCartTest.java:28)
at java.base/jdk.internal.reflect.DirectMethodHandleAccessor.invoke(DirectMethodHandleAccessor.java:103)
at java.base/java.lang.reflect.Method.invoke(Method.java:580)
at org.testng.internal.invokers.MethodInvocationHelper.invokeMethod(MethodInvocationHelper.java:141)
at org.testng.internal.invokers.TestInvoker.invokeMethod(TestInvoker.java:687)
at org.testng.internal.invokers.TestInvoker.invokeTestMethod(TestInvoker.java:230)
at org.testng.internal.invokers.MethodRunner.runInSequence(MethodRunner.java:63)
at org.testng.internal.invokers.TestInvoker$MethodInvocationAgent.invoke(TestInvoker.java:995)
at org.testng.internal.invokers.TestInvoker.invokeTestMethods(TestInvoker.java:203)
at org.testng.internal.invokers.TestMethodWorker.invokeTestMethods(TestMethodWorker.java:154)
at org.testng.internal.invokers.TestMethodWorker.run(TestMethodWorker.java:134)
at java.base/java.util.ArrayList.forEach(ArrayList.java:1597)
at org.testng.TestRunner.privateRun(TestRunner.java:741)
at org.testng.TestRunner.run(TestRunner.java:616)
at org.testng.SuiteRunner.runTest(SuiteRunner.java:421)
at org.testng.SuiteRunner.runSequentially(SuiteRunner.java:413)
at org.testng.SuiteRunner.privateRun(SuiteRunner.java:373)
at org.testng.SuiteRunner.run(SuiteRunner.java:312)
at org.testng.SuiteRunnerWorker.runSuite(SuiteRunnerWorker.java:52)
at org.testng.SuiteRunnerWorker.run(SuiteRunnerWorker.java:95)
at org.testng.TestNG.runSuitesSequentially(TestNG.java:1274)
at org.testng.TestNG.runSuitesLocally(TestNG.java:1208)
at org.testng.TestNG.runSuites(TestNG.java:1112)
at org.testng.TestNG.run(TestNG.java:1079)
at org.testng.remote.AbstractRemoteTestNG.run(AbstractRemoteTestNG.java:115)
at org.testng.remote.RemoteTestNG.initAndRun(RemoteTestNG.java:293)
at org.testng.remote.RemoteTestNG.main(RemoteTestNG.java:91)
]]>
            </full-stacktrace>
          </exception> <!-- java.lang.RuntimeException -->
          <reporter-output>
          </reporter-output>
        </test-method> <!-- checkAddToCart_EliteDesktopPC -->
        <test-method is-config="true" signature="captureScreenshotOnFailure(org.testng.ITestResult)[pri:0, instance:testcases.AddToCartTest@758c83d8]" started-at="2025-08-06T01:40:50 IST" name="captureScreenshotOnFailure" finished-at="2025-08-06T01:40:50 IST" duration-ms="212" status="PASS">
          <params>
            <param index="0">
              <value>
                <![CDATA[[TestResult name=checkAddToCart_EliteDesktopPC status=FAILURE method=AddToCartTest.checkAddToCart_EliteDesktopPC()[pri:1, instance:testcases.AddToCartTest@758c83d8] output={null}]]]>
              </value>
            </param>
          </params>
          <reporter-output>
          </reporter-output>
        </test-method> <!-- captureScreenshotOnFailure -->
        <test-method is-config="true" signature="tearDown()[pri:0, instance:testcases.AddToCartTest@758c83d8]" started-at="2025-08-06T01:40:50 IST" name="tearDown" finished-at="2025-08-06T01:40:50 IST" duration-ms="343" status="PASS">
          <reporter-output>
          </reporter-output>
        </test-method> <!-- tearDown -->
      </class> <!-- testcases.AddToCartTest -->
      <class name="testcases.LoginTest">
        <test-method is-config="true" signature="setup(java.lang.String,java.lang.String)[pri:0, instance:testcases.LoginTest@338494fa]" started-at="2025-08-06T01:40:00 IST" name="setup" finished-at="2025-08-06T01:40:04 IST" duration-ms="4374" status="PASS">
          <params>
            <param index="0">
              <value>
                <![CDATA[windows]]>
              </value>
            </param>
            <param index="1">
              <value>
                <![CDATA[chrome]]>
              </value>
            </param>
          </params>
          <reporter-output>
          </reporter-output>
        </test-method> <!-- setup -->
        <test-method signature="loginTest(java.lang.String,java.lang.String,java.lang.String,java.lang.String)[pri:0, instance:testcases.LoginTest@338494fa]" started-at="2025-08-06T01:40:05 IST" name="loginTest" data-provider="loginData" finished-at="2025-08-06T01:40:08 IST" duration-ms="3312" status="PASS">
          <params>
            <param index="0">
              <value>
                <![CDATA[Aj0007@gmail.com]]>
              </value>
            </param>
            <param index="1">
              <value>
                <![CDATA[Aj1234]]>
              </value>
            </param>
            <param index="2">
              <value>
                <![CDATA[Registered User]]>
              </value>
            </param>
            <param index="3">
              <value>
                <![CDATA[Login successful]]>
              </value>
            </param>
          </params>
          <reporter-output>
          </reporter-output>
        </test-method> <!-- loginTest -->
        <test-method is-config="true" signature="captureScreenshotOnFailure(org.testng.ITestResult)[pri:0, instance:testcases.LoginTest@338494fa]" started-at="2025-08-06T01:40:08 IST" name="captureScreenshotOnFailure" finished-at="2025-08-06T01:40:08 IST" duration-ms="0" status="PASS">
          <params>
            <param index="0">
              <value>
                <![CDATA[[TestResult name=loginTest status=SUCCESS method=LoginTest.loginTest(java.lang.String,java.lang.String,java.lang.String,java.lang.String)[pri:0, instance:testcases.LoginTest@338494fa] output={null}]]]>
              </value>
            </param>
          </params>
          <reporter-output>
          </reporter-output>
        </test-method> <!-- captureScreenshotOnFailure -->
        <test-method signature="loginTest(java.lang.String,java.lang.String,java.lang.String,java.lang.String)[pri:0, instance:testcases.LoginTest@338494fa]" started-at="2025-08-06T01:40:09 IST" name="loginTest" data-provider="loginData" finished-at="2025-08-06T01:40:10 IST" duration-ms="1768" status="PASS">
          <params>
            <param index="0">
              <value>
                <![CDATA[Sammed@Gmail.com]]>
              </value>
            </param>
            <param index="1">
              <value>
                <![CDATA[123456]]>
              </value>
            </param>
            <param index="2">
              <value>
                <![CDATA[UnRegistered User]]>
              </value>
            </param>
            <param index="3">
              <value>
                <![CDATA[No customer account found]]>
              </value>
            </param>
          </params>
          <reporter-output>
          </reporter-output>
        </test-method> <!-- loginTest -->
        <test-method is-config="true" signature="captureScreenshotOnFailure(org.testng.ITestResult)[pri:0, instance:testcases.LoginTest@338494fa]" started-at="2025-08-06T01:40:10 IST" name="captureScreenshotOnFailure" finished-at="2025-08-06T01:40:10 IST" duration-ms="0" status="PASS">
          <params>
            <param index="0">
              <value>
                <![CDATA[[TestResult name=loginTest status=SUCCESS method=LoginTest.loginTest(java.lang.String,java.lang.String,java.lang.String,java.lang.String)[pri:0, instance:testcases.LoginTest@338494fa] output={null}]]]>
              </value>
            </param>
          </params>
          <reporter-output>
          </reporter-output>
        </test-method> <!-- captureScreenshotOnFailure -->
        <test-method signature="loginTest(java.lang.String,java.lang.String,java.lang.String,java.lang.String)[pri:0, instance:testcases.LoginTest@338494fa]" started-at="2025-08-06T01:40:10 IST" name="loginTest" data-provider="loginData" finished-at="2025-08-06T01:40:12 IST" duration-ms="1446" status="PASS">
          <params>
            <param index="0">
              <value>
                <![CDATA[]]>
              </value>
            </param>
            <param index="1">
              <value>
                <![CDATA[Aj1234]]>
              </value>
            </param>
            <param index="2">
              <value>
                <![CDATA[Blank username]]>
              </value>
            </param>
            <param index="3">
              <value>
                <![CDATA[no customer account]]>
              </value>
            </param>
          </params>
          <reporter-output>
          </reporter-output>
        </test-method> <!-- loginTest -->
        <test-method signature="loginTest(java.lang.String,java.lang.String,java.lang.String,java.lang.String)[pri:0, instance:testcases.LoginTest@338494fa]" started-at="2025-08-06T01:40:12 IST" name="loginTest" data-provider="loginData" finished-at="2025-08-06T01:40:13 IST" duration-ms="1520" status="PASS">
          <params>
            <param index="0">
              <value>
                <![CDATA[Ajay@gmail.com]]>
              </value>
            </param>
            <param index="1">
              <value>
                <![CDATA[]]>
              </value>
            </param>
            <param index="2">
              <value>
                <![CDATA[Blank password]]>
              </value>
            </param>
            <param index="3">
              <value>
                <![CDATA[login was unsuccessful]]>
              </value>
            </param>
          </params>
          <reporter-output>
          </reporter-output>
        </test-method> <!-- loginTest -->
        <test-method is-config="true" signature="captureScreenshotOnFailure(org.testng.ITestResult)[pri:0, instance:testcases.LoginTest@338494fa]" started-at="2025-08-06T01:40:12 IST" name="captureScreenshotOnFailure" finished-at="2025-08-06T01:40:12 IST" duration-ms="0" status="PASS">
          <params>
            <param index="0">
              <value>
                <![CDATA[[TestResult name=loginTest status=SUCCESS method=LoginTest.loginTest(java.lang.String,java.lang.String,java.lang.String,java.lang.String)[pri:0, instance:testcases.LoginTest@338494fa] output={null}]]]>
              </value>
            </param>
          </params>
          <reporter-output>
          </reporter-output>
        </test-method> <!-- captureScreenshotOnFailure -->
        <test-method is-config="true" signature="captureScreenshotOnFailure(org.testng.ITestResult)[pri:0, instance:testcases.LoginTest@338494fa]" started-at="2025-08-06T01:40:13 IST" name="captureScreenshotOnFailure" finished-at="2025-08-06T01:40:13 IST" duration-ms="2" status="PASS">
          <params>
            <param index="0">
              <value>
                <![CDATA[[TestResult name=loginTest status=SUCCESS method=LoginTest.loginTest(java.lang.String,java.lang.String,java.lang.String,java.lang.String)[pri:0, instance:testcases.LoginTest@338494fa] output={null}]]]>
              </value>
            </param>
          </params>
          <reporter-output>
          </reporter-output>
        </test-method> <!-- captureScreenshotOnFailure -->
        <test-method signature="loginTest(java.lang.String,java.lang.String,java.lang.String,java.lang.String)[pri:0, instance:testcases.LoginTest@338494fa]" started-at="2025-08-06T01:40:13 IST" name="loginTest" data-provider="loginData" finished-at="2025-08-06T01:40:14 IST" duration-ms="1190" status="PASS">
          <params>
            <param index="0">
              <value>
                <![CDATA[Ajay.com]]>
              </value>
            </param>
            <param index="1">
              <value>
                <![CDATA[Aj1234]]>
              </value>
            </param>
            <param index="2">
              <value>
                <![CDATA[Invalid email format]]>
              </value>
            </param>
            <param index="3">
              <value>
                <![CDATA[Please enter a valid email address.]]>
              </value>
            </param>
          </params>
          <reporter-output>
          </reporter-output>
        </test-method> <!-- loginTest -->
        <test-method is-config="true" signature="captureScreenshotOnFailure(org.testng.ITestResult)[pri:0, instance:testcases.LoginTest@338494fa]" started-at="2025-08-06T01:40:14 IST" name="captureScreenshotOnFailure" finished-at="2025-08-06T01:40:14 IST" duration-ms="2" status="PASS">
          <params>
            <param index="0">
              <value>
                <![CDATA[[TestResult name=loginTest status=SUCCESS method=LoginTest.loginTest(java.lang.String,java.lang.String,java.lang.String,java.lang.String)[pri:0, instance:testcases.LoginTest@338494fa] output={null}]]]>
              </value>
            </param>
          </params>
          <reporter-output>
          </reporter-output>
        </test-method> <!-- captureScreenshotOnFailure -->
        <test-method is-config="true" signature="tearDown()[pri:0, instance:testcases.LoginTest@338494fa]" started-at="2025-08-06T01:40:14 IST" name="tearDown" finished-at="2025-08-06T01:40:15 IST" duration-ms="344" status="PASS">
          <reporter-output>
          </reporter-output>
        </test-method> <!-- tearDown -->
      </class> <!-- testcases.LoginTest -->
    </test> <!-- Chrome Test -->
    <test started-at="2025-08-06T01:40:51 IST" name="Firefox Test" finished-at="2025-08-06T01:42:25 IST" duration-ms="94448">
      <class name="testcases.HomePageTest">
        <test-method is-config="true" signature="setup(java.lang.String,java.lang.String)[pri:0, instance:testcases.HomePageTest@61884cb1]" started-at="2025-08-06T01:41:29 IST" name="setup" finished-at="2025-08-06T01:41:41 IST" duration-ms="12166" status="PASS">
          <params>
            <param index="0">
              <value>
                <![CDATA[windows]]>
              </value>
            </param>
            <param index="1">
              <value>
                <![CDATA[firefox]]>
              </value>
            </param>
          </params>
          <reporter-output>
          </reporter-output>
        </test-method> <!-- setup -->
        <test-method signature="validateSliderBannerNavigation()[pri:1, instance:testcases.HomePageTest@61884cb1]" started-at="2025-08-06T01:41:41 IST" name="validateSliderBannerNavigation" finished-at="2025-08-06T01:41:47 IST" duration-ms="6123" status="PASS">
          <reporter-output>
          </reporter-output>
        </test-method> <!-- validateSliderBannerNavigation -->
        <test-method is-config="true" signature="captureScreenshotOnFailure(org.testng.ITestResult)[pri:0, instance:testcases.HomePageTest@61884cb1]" started-at="2025-08-06T01:41:47 IST" name="captureScreenshotOnFailure" finished-at="2025-08-06T01:41:47 IST" duration-ms="0" status="PASS">
          <params>
            <param index="0">
              <value>
                <![CDATA[[TestResult name=validateSliderBannerNavigation status=SUCCESS method=HomePageTest.validateSliderBannerNavigation()[pri:1, instance:testcases.HomePageTest@61884cb1] output={null}]]]>
              </value>
            </param>
          </params>
          <reporter-output>
          </reporter-output>
        </test-method> <!-- captureScreenshotOnFailure -->
        <test-method signature="validateTopMenuNavigation()[pri:2, instance:testcases.HomePageTest@61884cb1]" started-at="2025-08-06T01:41:47 IST" name="validateTopMenuNavigation" finished-at="2025-08-06T01:41:57 IST" duration-ms="10385" status="PASS">
          <reporter-output>
          </reporter-output>
        </test-method> <!-- validateTopMenuNavigation -->
        <test-method is-config="true" signature="captureScreenshotOnFailure(org.testng.ITestResult)[pri:0, instance:testcases.HomePageTest@61884cb1]" started-at="2025-08-06T01:41:57 IST" name="captureScreenshotOnFailure" finished-at="2025-08-06T01:41:57 IST" duration-ms="1" status="PASS">
          <params>
            <param index="0">
              <value>
                <![CDATA[[TestResult name=validateTopMenuNavigation status=SUCCESS method=HomePageTest.validateTopMenuNavigation()[pri:2, instance:testcases.HomePageTest@61884cb1] output={null}]]]>
              </value>
            </param>
          </params>
          <reporter-output>
          </reporter-output>
        </test-method> <!-- captureScreenshotOnFailure -->
        <test-method is-config="true" signature="tearDown()[pri:0, instance:testcases.HomePageTest@61884cb1]" started-at="2025-08-06T01:41:57 IST" name="tearDown" finished-at="2025-08-06T01:41:59 IST" duration-ms="1455" status="PASS">
          <reporter-output>
          </reporter-output>
        </test-method> <!-- tearDown -->
      </class> <!-- testcases.HomePageTest -->
      <class name="testcases.RegisterTest">
        <test-method is-config="true" signature="setup(java.lang.String,java.lang.String)[pri:0, instance:testcases.RegisterTest@590c73d3]" started-at="2025-08-06T01:40:51 IST" name="setup" finished-at="2025-08-06T01:41:05 IST" duration-ms="13757" status="PASS">
          <params>
            <param index="0">
              <value>
                <![CDATA[windows]]>
              </value>
            </param>
            <param index="1">
              <value>
                <![CDATA[firefox]]>
              </value>
            </param>
          </params>
          <reporter-output>
          </reporter-output>
        </test-method> <!-- setup -->
        <test-method signature="registerNewUserTest(java.lang.String,java.lang.String,java.lang.String,java.lang.String,java.lang.String)[pri:1, instance:testcases.RegisterTest@590c73d3]" started-at="2025-08-06T01:41:05 IST" name="registerNewUserTest" data-provider="registerData" finished-at="2025-08-06T01:41:08 IST" duration-ms="2833" status="PASS">
          <params>
            <param index="0">
              <value>
                <![CDATA[Ajay]]>
              </value>
            </param>
            <param index="1">
              <value>
                <![CDATA[Kb]]>
              </value>
            </param>
            <param index="2">
              <value>
                <![CDATA[Ajay@gmail.com]]>
              </value>
            </param>
            <param index="3">
              <value>
                <![CDATA[Aj1234]]>
              </value>
            </param>
            <param index="4">
              <value>
                <![CDATA[Aj1234]]>
              </value>
            </param>
          </params>
          <reporter-output>
          </reporter-output>
        </test-method> <!-- registerNewUserTest -->
        <test-method is-config="true" signature="captureScreenshotOnFailure(org.testng.ITestResult)[pri:0, instance:testcases.RegisterTest@590c73d3]" started-at="2025-08-06T01:41:08 IST" name="captureScreenshotOnFailure" finished-at="2025-08-06T01:41:08 IST" duration-ms="2" status="PASS">
          <params>
            <param index="0">
              <value>
                <![CDATA[[TestResult name=registerNewUserTest status=SUCCESS method=RegisterTest.registerNewUserTest(java.lang.String,java.lang.String,java.lang.String,java.lang.String,java.lang.String)[pri:1, instance:testcases.RegisterTest@590c73d3] output={null}]]]>
              </value>
            </param>
          </params>
          <reporter-output>
          </reporter-output>
        </test-method> <!-- captureScreenshotOnFailure -->
        <test-method is-config="true" signature="tearDown()[pri:0, instance:testcases.RegisterTest@590c73d3]" started-at="2025-08-06T01:41:08 IST" name="tearDown" finished-at="2025-08-06T01:41:09 IST" duration-ms="1462" status="PASS">
          <reporter-output>
          </reporter-output>
        </test-method> <!-- tearDown -->
      </class> <!-- testcases.RegisterTest -->
      <class name="testcases.AddToCartTest">
        <test-method is-config="true" signature="setup(java.lang.String,java.lang.String)[pri:0, instance:testcases.AddToCartTest@75ed9710]" started-at="2025-08-06T01:41:59 IST" name="setup" finished-at="2025-08-06T01:42:10 IST" duration-ms="10835" status="PASS">
          <params>
            <param index="0">
              <value>
                <![CDATA[windows]]>
              </value>
            </param>
            <param index="1">
              <value>
                <![CDATA[firefox]]>
              </value>
            </param>
          </params>
          <reporter-output>
          </reporter-output>
        </test-method> <!-- setup -->
        <test-method signature="checkAddToCart_EliteDesktopPC()[pri:1, instance:testcases.AddToCartTest@75ed9710]" started-at="2025-08-06T01:42:10 IST" name="checkAddToCart_EliteDesktopPC" finished-at="2025-08-06T01:42:24 IST" duration-ms="14000" status="FAIL">
          <exception class="java.lang.RuntimeException">
            <message>
              <![CDATA[CAPTURE_SCREENSHOT: 'Add to Cart' button not found for: EliteDesktopPC]]>
            </message>
            <full-stacktrace>
              <![CDATA[java.lang.RuntimeException: CAPTURE_SCREENSHOT: 'Add to Cart' button not found for: EliteDesktopPC
at testcases.AddToCartTest.validateAddToCart(AddToCartTest.java:38)
at testcases.AddToCartTest.checkAddToCart_EliteDesktopPC(AddToCartTest.java:28)
at java.base/jdk.internal.reflect.DirectMethodHandleAccessor.invoke(DirectMethodHandleAccessor.java:103)
at java.base/java.lang.reflect.Method.invoke(Method.java:580)
at org.testng.internal.invokers.MethodInvocationHelper.invokeMethod(MethodInvocationHelper.java:141)
at org.testng.internal.invokers.TestInvoker.invokeMethod(TestInvoker.java:687)
at org.testng.internal.invokers.TestInvoker.invokeTestMethod(TestInvoker.java:230)
at org.testng.internal.invokers.MethodRunner.runInSequence(MethodRunner.java:63)
at org.testng.internal.invokers.TestInvoker$MethodInvocationAgent.invoke(TestInvoker.java:995)
at org.testng.internal.invokers.TestInvoker.invokeTestMethods(TestInvoker.java:203)
at org.testng.internal.invokers.TestMethodWorker.invokeTestMethods(TestMethodWorker.java:154)
at org.testng.internal.invokers.TestMethodWorker.run(TestMethodWorker.java:134)
at java.base/java.util.ArrayList.forEach(ArrayList.java:1597)
at org.testng.TestRunner.privateRun(TestRunner.java:741)
at org.testng.TestRunner.run(TestRunner.java:616)
at org.testng.SuiteRunner.runTest(SuiteRunner.java:421)
at org.testng.SuiteRunner.runSequentially(SuiteRunner.java:413)
at org.testng.SuiteRunner.privateRun(SuiteRunner.java:373)
at org.testng.SuiteRunner.run(SuiteRunner.java:312)
at org.testng.SuiteRunnerWorker.runSuite(SuiteRunnerWorker.java:52)
at org.testng.SuiteRunnerWorker.run(SuiteRunnerWorker.java:95)
at org.testng.TestNG.runSuitesSequentially(TestNG.java:1274)
at org.testng.TestNG.runSuitesLocally(TestNG.java:1208)
at org.testng.TestNG.runSuites(TestNG.java:1112)
at org.testng.TestNG.run(TestNG.java:1079)
at org.testng.remote.AbstractRemoteTestNG.run(AbstractRemoteTestNG.java:115)
at org.testng.remote.RemoteTestNG.initAndRun(RemoteTestNG.java:293)
at org.testng.remote.RemoteTestNG.main(RemoteTestNG.java:91)
]]>
            </full-stacktrace>
          </exception> <!-- java.lang.RuntimeException -->
          <reporter-output>
          </reporter-output>
        </test-method> <!-- checkAddToCart_EliteDesktopPC -->
        <test-method is-config="true" signature="captureScreenshotOnFailure(org.testng.ITestResult)[pri:0, instance:testcases.AddToCartTest@75ed9710]" started-at="2025-08-06T01:42:24 IST" name="captureScreenshotOnFailure" finished-at="2025-08-06T01:42:24 IST" duration-ms="91" status="PASS">
          <params>
            <param index="0">
              <value>
                <![CDATA[[TestResult name=checkAddToCart_EliteDesktopPC status=FAILURE method=AddToCartTest.checkAddToCart_EliteDesktopPC()[pri:1, instance:testcases.AddToCartTest@75ed9710] output={null}]]]>
              </value>
            </param>
          </params>
          <reporter-output>
          </reporter-output>
        </test-method> <!-- captureScreenshotOnFailure -->
        <test-method is-config="true" signature="tearDown()[pri:0, instance:testcases.AddToCartTest@75ed9710]" started-at="2025-08-06T01:42:24 IST" name="tearDown" finished-at="2025-08-06T01:42:25 IST" duration-ms="1356" status="PASS">
          <reporter-output>
          </reporter-output>
        </test-method> <!-- tearDown -->
      </class> <!-- testcases.AddToCartTest -->
      <class name="testcases.LoginTest">
        <test-method is-config="true" signature="setup(java.lang.String,java.lang.String)[pri:0, instance:testcases.LoginTest@6b9ce1bf]" started-at="2025-08-06T01:41:09 IST" name="setup" finished-at="2025-08-06T01:41:19 IST" duration-ms="9635" status="PASS">
          <params>
            <param index="0">
              <value>
                <![CDATA[windows]]>
              </value>
            </param>
            <param index="1">
              <value>
                <![CDATA[firefox]]>
              </value>
            </param>
          </params>
          <reporter-output>
          </reporter-output>
        </test-method> <!-- setup -->
        <test-method signature="loginTest(java.lang.String,java.lang.String,java.lang.String,java.lang.String)[pri:0, instance:testcases.LoginTest@6b9ce1bf]" started-at="2025-08-06T01:41:19 IST" name="loginTest" data-provider="loginData" finished-at="2025-08-06T01:41:22 IST" duration-ms="3027" status="PASS">
          <params>
            <param index="0">
              <value>
                <![CDATA[Aj0007@gmail.com]]>
              </value>
            </param>
            <param index="1">
              <value>
                <![CDATA[Aj1234]]>
              </value>
            </param>
            <param index="2">
              <value>
                <![CDATA[Registered User]]>
              </value>
            </param>
            <param index="3">
              <value>
                <![CDATA[Login successful]]>
              </value>
            </param>
          </params>
          <reporter-output>
          </reporter-output>
        </test-method> <!-- loginTest -->
        <test-method is-config="true" signature="captureScreenshotOnFailure(org.testng.ITestResult)[pri:0, instance:testcases.LoginTest@6b9ce1bf]" started-at="2025-08-06T01:41:22 IST" name="captureScreenshotOnFailure" finished-at="2025-08-06T01:41:22 IST" duration-ms="1" status="PASS">
          <params>
            <param index="0">
              <value>
                <![CDATA[[TestResult name=loginTest status=SUCCESS method=LoginTest.loginTest(java.lang.String,java.lang.String,java.lang.String,java.lang.String)[pri:0, instance:testcases.LoginTest@6b9ce1bf] output={null}]]]>
              </value>
            </param>
          </params>
          <reporter-output>
          </reporter-output>
        </test-method> <!-- captureScreenshotOnFailure -->
        <test-method signature="loginTest(java.lang.String,java.lang.String,java.lang.String,java.lang.String)[pri:0, instance:testcases.LoginTest@6b9ce1bf]" started-at="2025-08-06T01:41:22 IST" name="loginTest" data-provider="loginData" finished-at="2025-08-06T01:41:24 IST" duration-ms="1359" status="PASS">
          <params>
            <param index="0">
              <value>
                <![CDATA[Sammed@Gmail.com]]>
              </value>
            </param>
            <param index="1">
              <value>
                <![CDATA[123456]]>
              </value>
            </param>
            <param index="2">
              <value>
                <![CDATA[UnRegistered User]]>
              </value>
            </param>
            <param index="3">
              <value>
                <![CDATA[No customer account found]]>
              </value>
            </param>
          </params>
          <reporter-output>
          </reporter-output>
        </test-method> <!-- loginTest -->
        <test-method signature="loginTest(java.lang.String,java.lang.String,java.lang.String,java.lang.String)[pri:0, instance:testcases.LoginTest@6b9ce1bf]" started-at="2025-08-06T01:41:24 IST" name="loginTest" data-provider="loginData" finished-at="2025-08-06T01:41:25 IST" duration-ms="1207" status="PASS">
          <params>
            <param index="0">
              <value>
                <![CDATA[]]>
              </value>
            </param>
            <param index="1">
              <value>
                <![CDATA[Aj1234]]>
              </value>
            </param>
            <param index="2">
              <value>
                <![CDATA[Blank username]]>
              </value>
            </param>
            <param index="3">
              <value>
                <![CDATA[no customer account]]>
              </value>
            </param>
          </params>
          <reporter-output>
          </reporter-output>
        </test-method> <!-- loginTest -->
        <test-method is-config="true" signature="captureScreenshotOnFailure(org.testng.ITestResult)[pri:0, instance:testcases.LoginTest@6b9ce1bf]" started-at="2025-08-06T01:41:24 IST" name="captureScreenshotOnFailure" finished-at="2025-08-06T01:41:24 IST" duration-ms="0" status="PASS">
          <params>
            <param index="0">
              <value>
                <![CDATA[[TestResult name=loginTest status=SUCCESS method=LoginTest.loginTest(java.lang.String,java.lang.String,java.lang.String,java.lang.String)[pri:0, instance:testcases.LoginTest@6b9ce1bf] output={null}]]]>
              </value>
            </param>
          </params>
          <reporter-output>
          </reporter-output>
        </test-method> <!-- captureScreenshotOnFailure -->
        <test-method is-config="true" signature="captureScreenshotOnFailure(org.testng.ITestResult)[pri:0, instance:testcases.LoginTest@6b9ce1bf]" started-at="2025-08-06T01:41:25 IST" name="captureScreenshotOnFailure" finished-at="2025-08-06T01:41:25 IST" duration-ms="2" status="PASS">
          <params>
            <param index="0">
              <value>
                <![CDATA[[TestResult name=loginTest status=SUCCESS method=LoginTest.loginTest(java.lang.String,java.lang.String,java.lang.String,java.lang.String)[pri:0, instance:testcases.LoginTest@6b9ce1bf] output={null}]]]>
              </value>
            </param>
          </params>
          <reporter-output>
          </reporter-output>
        </test-method> <!-- captureScreenshotOnFailure -->
        <test-method signature="loginTest(java.lang.String,java.lang.String,java.lang.String,java.lang.String)[pri:0, instance:testcases.LoginTest@6b9ce1bf]" started-at="2025-08-06T01:41:25 IST" name="loginTest" data-provider="loginData" finished-at="2025-08-06T01:41:26 IST" duration-ms="1575" status="PASS">
          <params>
            <param index="0">
              <value>
                <![CDATA[Ajay@gmail.com]]>
              </value>
            </param>
            <param index="1">
              <value>
                <![CDATA[]]>
              </value>
            </param>
            <param index="2">
              <value>
                <![CDATA[Blank password]]>
              </value>
            </param>
            <param index="3">
              <value>
                <![CDATA[login was unsuccessful]]>
              </value>
            </param>
          </params>
          <reporter-output>
          </reporter-output>
        </test-method> <!-- loginTest -->
        <test-method is-config="true" signature="captureScreenshotOnFailure(org.testng.ITestResult)[pri:0, instance:testcases.LoginTest@6b9ce1bf]" started-at="2025-08-06T01:41:26 IST" name="captureScreenshotOnFailure" finished-at="2025-08-06T01:41:27 IST" duration-ms="1" status="PASS">
          <params>
            <param index="0">
              <value>
                <![CDATA[[TestResult name=loginTest status=SUCCESS method=LoginTest.loginTest(java.lang.String,java.lang.String,java.lang.String,java.lang.String)[pri:0, instance:testcases.LoginTest@6b9ce1bf] output={null}]]]>
              </value>
            </param>
          </params>
          <reporter-output>
          </reporter-output>
        </test-method> <!-- captureScreenshotOnFailure -->
        <test-method signature="loginTest(java.lang.String,java.lang.String,java.lang.String,java.lang.String)[pri:0, instance:testcases.LoginTest@6b9ce1bf]" started-at="2025-08-06T01:41:27 IST" name="loginTest" data-provider="loginData" finished-at="2025-08-06T01:41:27 IST" duration-ms="827" status="PASS">
          <params>
            <param index="0">
              <value>
                <![CDATA[Ajay.com]]>
              </value>
            </param>
            <param index="1">
              <value>
                <![CDATA[Aj1234]]>
              </value>
            </param>
            <param index="2">
              <value>
                <![CDATA[Invalid email format]]>
              </value>
            </param>
            <param index="3">
              <value>
                <![CDATA[Please enter a valid email address.]]>
              </value>
            </param>
          </params>
          <reporter-output>
          </reporter-output>
        </test-method> <!-- loginTest -->
        <test-method is-config="true" signature="captureScreenshotOnFailure(org.testng.ITestResult)[pri:0, instance:testcases.LoginTest@6b9ce1bf]" started-at="2025-08-06T01:41:27 IST" name="captureScreenshotOnFailure" finished-at="2025-08-06T01:41:27 IST" duration-ms="1" status="PASS">
          <params>
            <param index="0">
              <value>
                <![CDATA[[TestResult name=loginTest status=SUCCESS method=LoginTest.loginTest(java.lang.String,java.lang.String,java.lang.String,java.lang.String)[pri:0, instance:testcases.LoginTest@6b9ce1bf] output={null}]]]>
              </value>
            </param>
          </params>
          <reporter-output>
          </reporter-output>
        </test-method> <!-- captureScreenshotOnFailure -->
        <test-method is-config="true" signature="tearDown()[pri:0, instance:testcases.LoginTest@6b9ce1bf]" started-at="2025-08-06T01:41:27 IST" name="tearDown" finished-at="2025-08-06T01:41:29 IST" duration-ms="1428" status="PASS">
          <reporter-output>
          </reporter-output>
        </test-method> <!-- tearDown -->
      </class> <!-- testcases.LoginTest -->
    </test> <!-- Firefox Test -->
  </suite> <!-- DemoWebShop CrossBrowser Suite -->
</testng-results>
